[2023-09-25 15:24:22,359: INFO: main: Welcome to our custom logging.]
[2023-09-25 20:17:19,189: INFO: common: yaml file: config\config.yaml loaded successfully]
[2023-09-25 20:17:19,191: INFO: common: yaml file: params.yaml loaded successfully]
[2023-09-25 20:19:11,061: INFO: common: yaml file: config\config.yaml loaded successfully]
[2023-09-25 20:19:11,067: INFO: common: yaml file: params.yaml loaded successfully]
[2023-09-25 20:19:11,069: INFO: common: yaml file: schema.yaml loaded successfully]
[2023-09-25 20:19:11,070: INFO: common: created directory at: artifacts]
[2023-09-25 20:19:11,072: INFO: common: created directory at: aritifacts/data_ingestion]
[2023-09-25 20:19:35,799: INFO: common: yaml file: config\config.yaml loaded successfully]
[2023-09-25 20:19:35,805: INFO: common: yaml file: params.yaml loaded successfully]
[2023-09-25 20:19:35,807: INFO: common: yaml file: schema.yaml loaded successfully]
[2023-09-25 20:19:35,808: INFO: common: created directory at: artifacts]
[2023-09-25 20:19:35,810: INFO: common: created directory at: aritifacts/data_ingestion]
[2023-09-25 20:20:11,753: INFO: common: yaml file: config\config.yaml loaded successfully]
[2023-09-25 20:20:11,754: INFO: common: yaml file: params.yaml loaded successfully]
[2023-09-25 20:20:11,756: INFO: common: yaml file: schema.yaml loaded successfully]
[2023-09-25 20:20:11,758: INFO: common: created directory at: artifacts]
[2023-09-25 20:20:11,760: INFO: common: created directory at: aritifacts/data_ingestion]
[2023-09-25 20:20:57,272: INFO: common: yaml file: config\config.yaml loaded successfully]
[2023-09-25 20:20:57,274: INFO: common: yaml file: params.yaml loaded successfully]
[2023-09-25 20:20:57,275: INFO: common: yaml file: schema.yaml loaded successfully]
[2023-09-25 20:20:57,276: INFO: common: created directory at: artifacts]
[2023-09-25 20:20:57,277: INFO: common: created directory at: aritifacts/data_ingestion]
[2023-09-25 20:24:47,671: INFO: common: yaml file: config\config.yaml loaded successfully]
[2023-09-25 20:24:47,672: INFO: common: yaml file: params.yaml loaded successfully]
[2023-09-25 20:24:47,673: INFO: common: yaml file: schema.yaml loaded successfully]
[2023-09-25 20:24:47,674: INFO: common: created directory at: artifacts]
[2023-09-25 20:24:47,676: INFO: common: created directory at: aritifacts/data_ingestion]
[2023-09-25 20:26:13,287: INFO: common: yaml file: config\config.yaml loaded successfully]
[2023-09-25 20:26:13,288: INFO: common: yaml file: params.yaml loaded successfully]
[2023-09-25 20:26:13,290: INFO: common: yaml file: schema.yaml loaded successfully]
[2023-09-25 20:26:13,292: INFO: common: created directory at: artifacts]
[2023-09-25 20:26:13,293: INFO: common: created directory at: aritifacts/data_ingestion]
[2023-09-25 20:27:11,727: INFO: common: yaml file: config\config.yaml loaded successfully]
[2023-09-25 20:27:11,728: INFO: common: yaml file: params.yaml loaded successfully]
[2023-09-25 20:27:11,729: INFO: common: yaml file: schema.yaml loaded successfully]
[2023-09-25 20:27:11,730: INFO: common: created directory at: artifacts]
[2023-09-25 20:27:11,731: INFO: common: created directory at: aritifacts/data_ingestion]
[2023-09-25 20:27:46,589: INFO: common: yaml file: config\config.yaml loaded successfully]
[2023-09-25 20:27:46,590: INFO: common: yaml file: params.yaml loaded successfully]
[2023-09-25 20:27:46,592: INFO: common: yaml file: schema.yaml loaded successfully]
[2023-09-25 20:27:46,593: INFO: common: created directory at: artifacts]
[2023-09-25 20:27:46,595: INFO: common: created directory at: aritifacts/data_ingestion]
[2023-09-25 20:29:13,237: INFO: common: yaml file: config\config.yaml loaded successfully]
[2023-09-25 20:29:13,239: INFO: common: yaml file: params.yaml loaded successfully]
[2023-09-25 20:29:13,240: INFO: common: yaml file: schema.yaml loaded successfully]
[2023-09-25 20:29:13,241: INFO: common: created directory at: artifacts]
[2023-09-25 20:29:13,243: INFO: common: created directory at: aritifacts/data_ingestion]
[2023-09-25 20:29:42,795: INFO: common: yaml file: config\config.yaml loaded successfully]
[2023-09-25 20:29:42,797: INFO: common: yaml file: params.yaml loaded successfully]
[2023-09-25 20:29:42,799: INFO: common: yaml file: schema.yaml loaded successfully]
[2023-09-25 20:29:42,800: INFO: common: created directory at: artifacts]
[2023-09-25 20:29:42,801: INFO: common: created directory at: artifacts/data_ingestion]
[2023-09-25 20:29:43,706: INFO: 2366278714: artifacts/data_ingestion/data.zip download! with following info: 
Connection: close
Content-Length: 23329
Cache-Control: max-age=300
Content-Security-Policy: default-src 'none'; style-src 'unsafe-inline'; sandbox
Content-Type: application/zip
ETag: "c69888a4ae59bc5a893392785a938ccd4937981c06ba8a9d6a21aa52b4ab5b6e"
Strict-Transport-Security: max-age=31536000
X-Content-Type-Options: nosniff
X-Frame-Options: deny
X-XSS-Protection: 1; mode=block
X-GitHub-Request-Id: C000:471F:42D22:508AD:6511A063
Accept-Ranges: bytes
Date: Mon, 25 Sep 2023 14:59:48 GMT
Via: 1.1 varnish
X-Served-By: cache-maa10231-MAA
X-Cache: MISS
X-Cache-Hits: 0
X-Timer: S1695653988.169491,VS0,VE315
Vary: Authorization,Accept-Encoding,Origin
Access-Control-Allow-Origin: *
Cross-Origin-Resource-Policy: cross-origin
X-Fastly-Request-ID: 8a830733cd8985167ac08301ae3f3b8014a5162d
Expires: Mon, 25 Sep 2023 15:04:48 GMT
Source-Age: 0

]
[2023-09-25 20:31:24,862: INFO: common: yaml file: config\config.yaml loaded successfully]
[2023-09-25 20:31:24,864: INFO: common: yaml file: params.yaml loaded successfully]
[2023-09-25 20:31:24,865: INFO: common: yaml file: schema.yaml loaded successfully]
[2023-09-25 20:31:24,867: INFO: common: created directory at: artifacts]
[2023-09-25 20:31:24,868: INFO: common: created directory at: artifacts/data_ingestion]
[2023-09-25 20:31:25,168: INFO: 2366278714: artifacts/data_ingestion/data.zip download! with following info: 
Connection: close
Content-Length: 23329
Cache-Control: max-age=300
Content-Security-Policy: default-src 'none'; style-src 'unsafe-inline'; sandbox
Content-Type: application/zip
ETag: "c69888a4ae59bc5a893392785a938ccd4937981c06ba8a9d6a21aa52b4ab5b6e"
Strict-Transport-Security: max-age=31536000
X-Content-Type-Options: nosniff
X-Frame-Options: deny
X-XSS-Protection: 1; mode=block
X-GitHub-Request-Id: C000:471F:42D22:508AD:6511A063
Accept-Ranges: bytes
Date: Mon, 25 Sep 2023 15:01:29 GMT
Via: 1.1 varnish
X-Served-By: cache-maa10243-MAA
X-Cache: HIT
X-Cache-Hits: 1
X-Timer: S1695654090.956436,VS0,VE1
Vary: Authorization,Accept-Encoding,Origin
Access-Control-Allow-Origin: *
Cross-Origin-Resource-Policy: cross-origin
X-Fastly-Request-ID: 543c5229e0d426b381be755ae2f18e84fb31a95c
Expires: Mon, 25 Sep 2023 15:06:29 GMT
Source-Age: 101

]
[2023-09-25 22:20:36,896: INFO: main: >>>>> Stage Data Ingestion Stage started. <<<<<]
[2023-09-25 22:20:36,897: INFO: common: yaml file: config\config.yaml loaded successfully]
[2023-09-25 22:20:36,897: INFO: common: yaml file: params.yaml loaded successfully]
[2023-09-25 22:20:36,898: INFO: common: yaml file: schema.yaml loaded successfully]
[2023-09-25 22:20:36,898: INFO: common: created directory at: artifacts]
[2023-09-25 22:20:36,899: INFO: common: created directory at: artifacts/data_ingestion]
[2023-09-25 22:20:37,874: INFO: data_ingestion: artifacts/data_ingestion/data.zip download! with following info: 
Connection: close
Content-Length: 23329
Cache-Control: max-age=300
Content-Security-Policy: default-src 'none'; style-src 'unsafe-inline'; sandbox
Content-Type: application/zip
ETag: "c69888a4ae59bc5a893392785a938ccd4937981c06ba8a9d6a21aa52b4ab5b6e"
Strict-Transport-Security: max-age=31536000
X-Content-Type-Options: nosniff
X-Frame-Options: deny
X-XSS-Protection: 1; mode=block
X-GitHub-Request-Id: 3EB2:4687:0F95:1396:6511BA61
Accept-Ranges: bytes
Date: Mon, 25 Sep 2023 16:50:42 GMT
Via: 1.1 varnish
X-Served-By: cache-maa10239-MAA
X-Cache: MISS
X-Cache-Hits: 0
X-Timer: S1695660643.551523,VS0,VE352
Vary: Authorization,Accept-Encoding,Origin
Access-Control-Allow-Origin: *
Cross-Origin-Resource-Policy: cross-origin
X-Fastly-Request-ID: 5818d2880bb4e2c0d94cf13e6e691cdb2fd240c4
Expires: Mon, 25 Sep 2023 16:55:42 GMT
Source-Age: 0

]
[2023-09-25 22:20:37,886: INFO: main: >>>>> Stage Data Ingestion Stage completed! <<<<<<

x=========x]
